

Microchip Technology PIC LITE Macro Assembler V1.42 build -159332390 
                                                                                               Thu Jul 06 08:21:13 2017

Microchip Technology Omniscient Code Generator v1.42 (Free mode) build 201704130522
     1                           	processor	16F1455
     2                           	opt	pw 120
     3                           	opt	lm
     4                           	psect	cinit,global,class=CODE,merge=1,delta=2
     5                           	psect	cstackCOMMON,global,class=COMMON,space=1,delta=1
     6                           	psect	maintext,global,class=CODE,merge=1,split=1,delta=2
     7                           	psect	text1,local,class=CODE,merge=1,delta=2
     8                           	psect	text2,local,class=CODE,merge=1,delta=2
     9                           	psect	text3,local,class=CODE,merge=1,delta=2
    10                           	psect	text4,local,class=CODE,merge=1,delta=2
    11                           	psect	text5,local,class=CODE,merge=1,delta=2
    12                           	dabs	1,0x7E,2
    13  0000                     
    14                           ; Version 1.42
    15                           ; Generated 13/04/2017 GMT
    16                           ; 
    17                           ; Copyright © 2017, Microchip Technology Inc. and its subsidiaries ("Microchip")
    18                           ; All rights reserved.
    19                           ; 
    20                           ; This software is developed by Microchip Technology Inc. and its subsidiaries ("Microch
      +                          ip").
    21                           ; 
    22                           ; Redistribution and use in source and binary forms, with or without modification, are
    23                           ; permitted provided that the following conditions are met:
    24                           ; 
    25                           ;     1. Redistributions of source code must retain the above copyright notice, this lis
      +                          t of
    26                           ;        conditions and the following disclaimer.
    27                           ; 
    28                           ;     2. Redistributions in binary form must reproduce the above copyright notice, this 
      +                          list
    29                           ;        of conditions and the following disclaimer in the documentation and/or other
    30                           ;        materials provided with the distribution.
    31                           ; 
    32                           ;     3. Microchip's name may not be used to endorse or promote products derived from th
      +                          is
    33                           ;        software without specific prior written permission.
    34                           ; 
    35                           ; THIS SOFTWARE IS PROVIDED BY MICROCHIP "AS IS" AND ANY EXPRESS OR IMPLIED WARRANTIES,
    36                           ; INCLUDING, BUT NOT LIMITED TO, THE IMPLIED WARRANTIES OF MERCHANTABILITY AND FITNESS F
      +                          OR
    37                           ; PURPOSE ARE DISCLAIMED.  IN NO EVENT SHALL MICROCHIP BE LIABLE FOR ANY DIRECT, INDIREC
      +                          T,
    38                           ; INCIDENTAL, SPECIAL, EXEMPLARY, OR CONSEQUENTIAL DAMAGES (INCLUDING BUT NOT LIMITED TO
    39                           ; PROCUREMENT OF SUBSTITUTE GOODS OR SERVICES; LOSS OF USE, DATA OR PROFITS; OR BUSINESS
    40                           ; INTERRUPTION) HOWSOEVER CAUSED AND ON ANY THEORY OF LIABILITY, WHETHER IN CONTRACT, ST
      +                          RICT
    41                           ; LIABILITY, OR TORT (INCLUDING NEGLIGENCE OR OTHERWISE) ARISING IN ANY WAY OUT OF THE U
      +                          SE OF
    42                           ; THIS SOFTWARE, EVEN IF ADVISED OF THE POSSIBILITY OF SUCH DAMAGE.
    43                           ; 
    44                           ; 
    45                           ; Code-generator required, PIC16F1455 Definitions
    46                           ; 
    47                           ; SFR Addresses
    48  0000                     	;# 
    49  0001                     	;# 
    50  0002                     	;# 
    51  0003                     	;# 
    52  0004                     	;# 
    53  0005                     	;# 
    54  0006                     	;# 
    55  0007                     	;# 
    56  0008                     	;# 
    57  0009                     	;# 
    58  000A                     	;# 
    59  000B                     	;# 
    60  000C                     	;# 
    61  000E                     	;# 
    62  0011                     	;# 
    63  0012                     	;# 
    64  0015                     	;# 
    65  0016                     	;# 
    66  0016                     	;# 
    67  0017                     	;# 
    68  0018                     	;# 
    69  0019                     	;# 
    70  001A                     	;# 
    71  001B                     	;# 
    72  001C                     	;# 
    73  008C                     	;# 
    74  008E                     	;# 
    75  0091                     	;# 
    76  0092                     	;# 
    77  0095                     	;# 
    78  0096                     	;# 
    79  0097                     	;# 
    80  0098                     	;# 
    81  0099                     	;# 
    82  009A                     	;# 
    83  009B                     	;# 
    84  009B                     	;# 
    85  009C                     	;# 
    86  009D                     	;# 
    87  009E                     	;# 
    88  009F                     	;# 
    89  010C                     	;# 
    90  010E                     	;# 
    91  0111                     	;# 
    92  0112                     	;# 
    93  0113                     	;# 
    94  0114                     	;# 
    95  0115                     	;# 
    96  0116                     	;# 
    97  0117                     	;# 
    98  0118                     	;# 
    99  0119                     	;# 
   100  011D                     	;# 
   101  018C                     	;# 
   102  018E                     	;# 
   103  0191                     	;# 
   104  0191                     	;# 
   105  0192                     	;# 
   106  0193                     	;# 
   107  0193                     	;# 
   108  0194                     	;# 
   109  0195                     	;# 
   110  0196                     	;# 
   111  0197                     	;# 
   112  0199                     	;# 
   113  019A                     	;# 
   114  019B                     	;# 
   115  019B                     	;# 
   116  019C                     	;# 
   117  019D                     	;# 
   118  019E                     	;# 
   119  019F                     	;# 
   120  020C                     	;# 
   121  0211                     	;# 
   122  0211                     	;# 
   123  0212                     	;# 
   124  0212                     	;# 
   125  0213                     	;# 
   126  0213                     	;# 
   127  0214                     	;# 
   128  0214                     	;# 
   129  0215                     	;# 
   130  0215                     	;# 
   131  0215                     	;# 
   132  0216                     	;# 
   133  0216                     	;# 
   134  0217                     	;# 
   135  0217                     	;# 
   136  0391                     	;# 
   137  0392                     	;# 
   138  0393                     	;# 
   139  039A                     	;# 
   140  039B                     	;# 
   141  0611                     	;# 
   142  0612                     	;# 
   143  0613                     	;# 
   144  0613                     	;# 
   145  0614                     	;# 
   146  0615                     	;# 
   147  0616                     	;# 
   148  0616                     	;# 
   149  0691                     	;# 
   150  0692                     	;# 
   151  0693                     	;# 
   152  0694                     	;# 
   153  0695                     	;# 
   154  0E8E                     	;# 
   155  0E8F                     	;# 
   156  0E90                     	;# 
   157  0E91                     	;# 
   158  0E92                     	;# 
   159  0E93                     	;# 
   160  0E94                     	;# 
   161  0E94                     	;# 
   162  0E95                     	;# 
   163  0E96                     	;# 
   164  0E97                     	;# 
   165  0E98                     	;# 
   166  0E99                     	;# 
   167  0E9A                     	;# 
   168  0E9B                     	;# 
   169  0E9C                     	;# 
   170  0E9D                     	;# 
   171  0E9E                     	;# 
   172  0E9F                     	;# 
   173  0FE4                     	;# 
   174  0FE5                     	;# 
   175  0FE6                     	;# 
   176  0FE7                     	;# 
   177  0FE8                     	;# 
   178  0FE9                     	;# 
   179  0FEA                     	;# 
   180  0FEB                     	;# 
   181  0FED                     	;# 
   182  0FEE                     	;# 
   183  0FEF                     	;# 
   184  0000                     	;# 
   185  0001                     	;# 
   186  0002                     	;# 
   187  0003                     	;# 
   188  0004                     	;# 
   189  0005                     	;# 
   190  0006                     	;# 
   191  0007                     	;# 
   192  0008                     	;# 
   193  0009                     	;# 
   194  000A                     	;# 
   195  000B                     	;# 
   196  000C                     	;# 
   197  000E                     	;# 
   198  0011                     	;# 
   199  0012                     	;# 
   200  0015                     	;# 
   201  0016                     	;# 
   202  0016                     	;# 
   203  0017                     	;# 
   204  0018                     	;# 
   205  0019                     	;# 
   206  001A                     	;# 
   207  001B                     	;# 
   208  001C                     	;# 
   209  008C                     	;# 
   210  008E                     	;# 
   211  0091                     	;# 
   212  0092                     	;# 
   213  0095                     	;# 
   214  0096                     	;# 
   215  0097                     	;# 
   216  0098                     	;# 
   217  0099                     	;# 
   218  009A                     	;# 
   219  009B                     	;# 
   220  009B                     	;# 
   221  009C                     	;# 
   222  009D                     	;# 
   223  009E                     	;# 
   224  009F                     	;# 
   225  010C                     	;# 
   226  010E                     	;# 
   227  0111                     	;# 
   228  0112                     	;# 
   229  0113                     	;# 
   230  0114                     	;# 
   231  0115                     	;# 
   232  0116                     	;# 
   233  0117                     	;# 
   234  0118                     	;# 
   235  0119                     	;# 
   236  011D                     	;# 
   237  018C                     	;# 
   238  018E                     	;# 
   239  0191                     	;# 
   240  0191                     	;# 
   241  0192                     	;# 
   242  0193                     	;# 
   243  0193                     	;# 
   244  0194                     	;# 
   245  0195                     	;# 
   246  0196                     	;# 
   247  0197                     	;# 
   248  0199                     	;# 
   249  019A                     	;# 
   250  019B                     	;# 
   251  019B                     	;# 
   252  019C                     	;# 
   253  019D                     	;# 
   254  019E                     	;# 
   255  019F                     	;# 
   256  020C                     	;# 
   257  0211                     	;# 
   258  0211                     	;# 
   259  0212                     	;# 
   260  0212                     	;# 
   261  0213                     	;# 
   262  0213                     	;# 
   263  0214                     	;# 
   264  0214                     	;# 
   265  0215                     	;# 
   266  0215                     	;# 
   267  0215                     	;# 
   268  0216                     	;# 
   269  0216                     	;# 
   270  0217                     	;# 
   271  0217                     	;# 
   272  0391                     	;# 
   273  0392                     	;# 
   274  0393                     	;# 
   275  039A                     	;# 
   276  039B                     	;# 
   277  0611                     	;# 
   278  0612                     	;# 
   279  0613                     	;# 
   280  0613                     	;# 
   281  0614                     	;# 
   282  0615                     	;# 
   283  0616                     	;# 
   284  0616                     	;# 
   285  0691                     	;# 
   286  0692                     	;# 
   287  0693                     	;# 
   288  0694                     	;# 
   289  0695                     	;# 
   290  0E8E                     	;# 
   291  0E8F                     	;# 
   292  0E90                     	;# 
   293  0E91                     	;# 
   294  0E92                     	;# 
   295  0E93                     	;# 
   296  0E94                     	;# 
   297  0E94                     	;# 
   298  0E95                     	;# 
   299  0E96                     	;# 
   300  0E97                     	;# 
   301  0E98                     	;# 
   302  0E99                     	;# 
   303  0E9A                     	;# 
   304  0E9B                     	;# 
   305  0E9C                     	;# 
   306  0E9D                     	;# 
   307  0E9E                     	;# 
   308  0E9F                     	;# 
   309  0FE4                     	;# 
   310  0FE5                     	;# 
   311  0FE6                     	;# 
   312  0FE7                     	;# 
   313  0FE8                     	;# 
   314  0FE9                     	;# 
   315  0FEA                     	;# 
   316  0FEB                     	;# 
   317  0FED                     	;# 
   318  0FEE                     	;# 
   319  0FEF                     	;# 
   320  0000                     	;# 
   321  0001                     	;# 
   322  0002                     	;# 
   323  0003                     	;# 
   324  0004                     	;# 
   325  0005                     	;# 
   326  0006                     	;# 
   327  0007                     	;# 
   328  0008                     	;# 
   329  0009                     	;# 
   330  000A                     	;# 
   331  000B                     	;# 
   332  000C                     	;# 
   333  000E                     	;# 
   334  0011                     	;# 
   335  0012                     	;# 
   336  0015                     	;# 
   337  0016                     	;# 
   338  0016                     	;# 
   339  0017                     	;# 
   340  0018                     	;# 
   341  0019                     	;# 
   342  001A                     	;# 
   343  001B                     	;# 
   344  001C                     	;# 
   345  008C                     	;# 
   346  008E                     	;# 
   347  0091                     	;# 
   348  0092                     	;# 
   349  0095                     	;# 
   350  0096                     	;# 
   351  0097                     	;# 
   352  0098                     	;# 
   353  0099                     	;# 
   354  009A                     	;# 
   355  009B                     	;# 
   356  009B                     	;# 
   357  009C                     	;# 
   358  009D                     	;# 
   359  009E                     	;# 
   360  009F                     	;# 
   361  010C                     	;# 
   362  010E                     	;# 
   363  0111                     	;# 
   364  0112                     	;# 
   365  0113                     	;# 
   366  0114                     	;# 
   367  0115                     	;# 
   368  0116                     	;# 
   369  0117                     	;# 
   370  0118                     	;# 
   371  0119                     	;# 
   372  011D                     	;# 
   373  018C                     	;# 
   374  018E                     	;# 
   375  0191                     	;# 
   376  0191                     	;# 
   377  0192                     	;# 
   378  0193                     	;# 
   379  0193                     	;# 
   380  0194                     	;# 
   381  0195                     	;# 
   382  0196                     	;# 
   383  0197                     	;# 
   384  0199                     	;# 
   385  019A                     	;# 
   386  019B                     	;# 
   387  019B                     	;# 
   388  019C                     	;# 
   389  019D                     	;# 
   390  019E                     	;# 
   391  019F                     	;# 
   392  020C                     	;# 
   393  0211                     	;# 
   394  0211                     	;# 
   395  0212                     	;# 
   396  0212                     	;# 
   397  0213                     	;# 
   398  0213                     	;# 
   399  0214                     	;# 
   400  0214                     	;# 
   401  0215                     	;# 
   402  0215                     	;# 
   403  0215                     	;# 
   404  0216                     	;# 
   405  0216                     	;# 
   406  0217                     	;# 
   407  0217                     	;# 
   408  0391                     	;# 
   409  0392                     	;# 
   410  0393                     	;# 
   411  039A                     	;# 
   412  039B                     	;# 
   413  0611                     	;# 
   414  0612                     	;# 
   415  0613                     	;# 
   416  0613                     	;# 
   417  0614                     	;# 
   418  0615                     	;# 
   419  0616                     	;# 
   420  0616                     	;# 
   421  0691                     	;# 
   422  0692                     	;# 
   423  0693                     	;# 
   424  0694                     	;# 
   425  0695                     	;# 
   426  0E8E                     	;# 
   427  0E8F                     	;# 
   428  0E90                     	;# 
   429  0E91                     	;# 
   430  0E92                     	;# 
   431  0E93                     	;# 
   432  0E94                     	;# 
   433  0E94                     	;# 
   434  0E95                     	;# 
   435  0E96                     	;# 
   436  0E97                     	;# 
   437  0E98                     	;# 
   438  0E99                     	;# 
   439  0E9A                     	;# 
   440  0E9B                     	;# 
   441  0E9C                     	;# 
   442  0E9D                     	;# 
   443  0E9E                     	;# 
   444  0E9F                     	;# 
   445  0FE4                     	;# 
   446  0FE5                     	;# 
   447  0FE6                     	;# 
   448  0FE7                     	;# 
   449  0FE8                     	;# 
   450  0FE9                     	;# 
   451  0FEA                     	;# 
   452  0FEB                     	;# 
   453  0FED                     	;# 
   454  0FEE                     	;# 
   455  0FEF                     	;# 
   456  000E                     _PORTCbits	set	14
   457  009B                     _ADRES	set	155
   458  009D                     _ADCON0	set	157
   459  009F                     _ADCON2	set	159
   460  0095                     _OPTION_REGbits	set	149
   461  008E                     _TRISC	set	142
   462  008C                     _TRISA	set	140
   463  0097                     _WDTCON	set	151
   464  0098                     _OSCTUNE	set	152
   465  0099                     _OSCCON	set	153
   466  04E9                     _GO_nDONE	set	1257
   467  04E8                     _ADON	set	1256
   468  011D                     _APFCON	set	285
   469  010E                     _LATC	set	270
   470  010C                     _LATA	set	268
   471  018C                     _ANSELA	set	396
   472  018E                     _ANSELC	set	398
   473  020C                     _WPUA	set	524
   474  039B                     _ACTCON	set	923
   475                           
   476                           ; #config settings
   477  0000                     
   478                           	psect	cinit
   479  07FD                     start_initialization:	
   480  07FD                     __initialization:	
   481  07FD                     end_of_initialization:	
   482                           ;End of C runtime variable initialization code
   483                           
   484  07FD                     __end_of__initialization:	
   485  07FD  0020               	movlb	0
   486  07FE  3187  2FE9         	ljmp	_main	;jump to C main() function
   487                           
   488                           	psect	cstackCOMMON
   489  0070                     __pcstackCOMMON:	
   490  0070                     ?_PIN_MANAGER_Initialize:	
   491  0070                     ??_PIN_MANAGER_Initialize:	
   492                           ; 1 bytes @ 0x0
   493                           
   494  0070                     ?_OSCILLATOR_Initialize:	
   495                           ; 1 bytes @ 0x0
   496                           
   497  0070                     ??_OSCILLATOR_Initialize:	
   498                           ; 1 bytes @ 0x0
   499                           
   500  0070                     ?_WDT_Initialize:	
   501                           ; 1 bytes @ 0x0
   502                           
   503  0070                     ??_WDT_Initialize:	
   504                           ; 1 bytes @ 0x0
   505                           
   506  0070                     ?_SYSTEM_Initialize:	
   507                           ; 1 bytes @ 0x0
   508                           
   509  0070                     ??_SYSTEM_Initialize:	
   510                           ; 1 bytes @ 0x0
   511                           
   512  0070                     ?_main:	
   513                           ; 1 bytes @ 0x0
   514                           
   515  0070                     ?_ADCRead:	
   516                           ; 1 bytes @ 0x0
   517                           
   518                           
   519                           ; 2 bytes @ 0x0
   520  0070                     	ds	2
   521  0072                     ??_ADCRead:	
   522  0072                     ??_main:	
   523                           ; 1 bytes @ 0x2
   524                           
   525  0072                     main@therm:	
   526                           ; 1 bytes @ 0x2
   527                           
   528                           
   529                           ; 2 bytes @ 0x2
   530  0072                     	ds	2
   531                           
   532                           	psect	maintext
   533  07E9                     __pmaintext:	
   534 ;;
   535 ;;Main: autosize = 0, tempsize = 0, incstack = 0, save=0
   536 ;;
   537 ;; *************** function _main *****************
   538 ;; Defined at:
   539 ;;		line 78 in file "main.c"
   540 ;; Parameters:    Size  Location     Type
   541 ;;		None
   542 ;; Auto vars:     Size  Location     Type
   543 ;;  therm           2    2[COMMON] unsigned int 
   544 ;; Return value:  Size  Location     Type
   545 ;;                  1    wreg      void 
   546 ;; Registers used:
   547 ;;		wreg, status,2, status,0, pclath, cstack
   548 ;; Tracked objects:
   549 ;;		On entry : B1F/0
   550 ;;		On exit  : 0/0
   551 ;;		Unchanged: 0/0
   552 ;; Data sizes:     COMMON   BANK0   BANK1   BANK2   BANK3   BANK4   BANK5   BANK6   BANK7   BANK8   BANK9  BANK10  BANK1
      +1  BANK12
   553 ;;      Params:         0       0       0       0       0       0       0       0       0       0       0       0       
      +0       0
   554 ;;      Locals:         2       0       0       0       0       0       0       0       0       0       0       0       
      +0       0
   555 ;;      Temps:          0       0       0       0       0       0       0       0       0       0       0       0       
      +0       0
   556 ;;      Totals:         2       0       0       0       0       0       0       0       0       0       0       0       
      +0       0
   557 ;;Total ram usage:        2 bytes
   558 ;; Hardware stack levels required when called:    2
   559 ;; This function calls:
   560 ;;		_ADCRead
   561 ;;		_SYSTEM_Initialize
   562 ;; This function is called by:
   563 ;;		Startup code after reset
   564 ;; This function uses a non-reentrant model
   565 ;;
   566                           
   567                           
   568                           ;psect for function _main
   569  07E9                     _main:	
   570                           
   571                           ;main.c: 81: SYSTEM_Initialize();
   572                           
   573                           ;incstack = 0
   574                           ; Regs used in _main: [wreg+status,2+status,0+pclath+cstack]
   575  07E9  3187  27BE  3187   	fcall	_SYSTEM_Initialize
   576  07EC                     l515:	
   577                           ;main.c: 98: while (1)
   578                           
   579                           ;main.c: 128: }
   580                           
   581                           
   582                           ;main.c: 99: {
   583                           ;main.c: 100: unsigned int therm;
   584                           ;main.c: 117: therm = ADCRead();
   585  07EC  3187  27C7  3187   	fcall	_ADCRead
   586  07EF  0871               	movf	?_ADCRead+1,w
   587  07F0  00F3               	movwf	main@therm+1
   588  07F1  0870               	movf	?_ADCRead,w
   589  07F2  00F2               	movwf	main@therm
   590                           
   591                           ;main.c: 125: if ( therm > 60 )
   592  07F3  3000               	movlw	0
   593  07F4  0273               	subwf	main@therm+1,w
   594  07F5  303D               	movlw	61
   595  07F6  1903               	skipnz
   596  07F7  0272               	subwf	main@therm,w
   597  07F8  1803               	btfsc	3,0
   598  07F9  2FFA               	goto	l519
   599  07FA                     l519:	
   600                           
   601                           ;main.c: 126: {
   602                           ;main.c: 127: PORTCbits.RC1 = 0b00010000;
   603  07FA  0020               	movlb	0	; select bank0
   604  07FB  108E               	bcf	14,1	;volatile
   605  07FC  2FEC               	goto	l515
   606  07FD                     __end_of_main:	
   607                           ;main.c: 130: {
   608                           ;main.c: 131: PORTCbits.RC1 = 0b00000000;
   609                           
   610                           ;main.c: 129: else if ( 0 < therm <= 60 )
   611                           
   612                           
   613                           	psect	text1
   614  07BE                     __ptext1:	
   615 ;; *************** function _SYSTEM_Initialize *****************
   616 ;; Defined at:
   617 ;;		line 72 in file "mcc_generated_files/mcc.c"
   618 ;; Parameters:    Size  Location     Type
   619 ;;		None
   620 ;; Auto vars:     Size  Location     Type
   621 ;;		None
   622 ;; Return value:  Size  Location     Type
   623 ;;                  1    wreg      void 
   624 ;; Registers used:
   625 ;;		wreg, status,2, status,0, pclath, cstack
   626 ;; Tracked objects:
   627 ;;		On entry : 0/0
   628 ;;		On exit  : 0/0
   629 ;;		Unchanged: 0/0
   630 ;; Data sizes:     COMMON   BANK0   BANK1   BANK2   BANK3   BANK4   BANK5   BANK6   BANK7   BANK8   BANK9  BANK10  BANK1
      +1  BANK12
   631 ;;      Params:         0       0       0       0       0       0       0       0       0       0       0       0       
      +0       0
   632 ;;      Locals:         0       0       0       0       0       0       0       0       0       0       0       0       
      +0       0
   633 ;;      Temps:          0       0       0       0       0       0       0       0       0       0       0       0       
      +0       0
   634 ;;      Totals:         0       0       0       0       0       0       0       0       0       0       0       0       
      +0       0
   635 ;;Total ram usage:        0 bytes
   636 ;; Hardware stack levels used:    1
   637 ;; Hardware stack levels required when called:    1
   638 ;; This function calls:
   639 ;;		_OSCILLATOR_Initialize
   640 ;;		_PIN_MANAGER_Initialize
   641 ;;		_WDT_Initialize
   642 ;; This function is called by:
   643 ;;		_main
   644 ;; This function uses a non-reentrant model
   645 ;;
   646                           
   647                           
   648                           ;psect for function _SYSTEM_Initialize
   649  07BE                     _SYSTEM_Initialize:	
   650                           
   651                           ;mcc.c: 75: PIN_MANAGER_Initialize();
   652                           
   653                           ;incstack = 0
   654                           ; Regs used in _SYSTEM_Initialize: [wreg+status,2+status,0+pclath+cstack]
   655  07BE  3187  27D5  3187   	fcall	_PIN_MANAGER_Initialize
   656                           
   657                           ;mcc.c: 76: OSCILLATOR_Initialize();
   658  07C1  3187  27B7  3187   	fcall	_OSCILLATOR_Initialize
   659                           
   660                           ;mcc.c: 77: WDT_Initialize();
   661  07C4  3187  27B3         	fcall	_WDT_Initialize
   662  07C6  0008               	return
   663  07C7                     __end_of_SYSTEM_Initialize:	
   664                           
   665                           	psect	text2
   666  07B3                     __ptext2:	
   667 ;; *************** function _WDT_Initialize *****************
   668 ;; Defined at:
   669 ;;		line 90 in file "mcc_generated_files/mcc.c"
   670 ;; Parameters:    Size  Location     Type
   671 ;;		None
   672 ;; Auto vars:     Size  Location     Type
   673 ;;		None
   674 ;; Return value:  Size  Location     Type
   675 ;;                  1    wreg      void 
   676 ;; Registers used:
   677 ;;		wreg
   678 ;; Tracked objects:
   679 ;;		On entry : 0/0
   680 ;;		On exit  : 0/0
   681 ;;		Unchanged: 0/0
   682 ;; Data sizes:     COMMON   BANK0   BANK1   BANK2   BANK3   BANK4   BANK5   BANK6   BANK7   BANK8   BANK9  BANK10  BANK1
      +1  BANK12
   683 ;;      Params:         0       0       0       0       0       0       0       0       0       0       0       0       
      +0       0
   684 ;;      Locals:         0       0       0       0       0       0       0       0       0       0       0       0       
      +0       0
   685 ;;      Temps:          0       0       0       0       0       0       0       0       0       0       0       0       
      +0       0
   686 ;;      Totals:         0       0       0       0       0       0       0       0       0       0       0       0       
      +0       0
   687 ;;Total ram usage:        0 bytes
   688 ;; Hardware stack levels used:    1
   689 ;; This function calls:
   690 ;;		Nothing
   691 ;; This function is called by:
   692 ;;		_SYSTEM_Initialize
   693 ;; This function uses a non-reentrant model
   694 ;;
   695                           
   696                           
   697                           ;psect for function _WDT_Initialize
   698  07B3                     _WDT_Initialize:	
   699                           
   700                           ;mcc.c: 93: WDTCON = 0x16;
   701                           
   702                           ;incstack = 0
   703                           ; Regs used in _WDT_Initialize: [wreg]
   704  07B3  3016               	movlw	22
   705  07B4  0021               	movlb	1	; select bank1
   706  07B5  0097               	movwf	23	;volatile
   707  07B6  0008               	return
   708  07B7                     __end_of_WDT_Initialize:	
   709                           
   710                           	psect	text3
   711  07D5                     __ptext3:	
   712 ;; *************** function _PIN_MANAGER_Initialize *****************
   713 ;; Defined at:
   714 ;;		line 52 in file "mcc_generated_files/pin_manager.c"
   715 ;; Parameters:    Size  Location     Type
   716 ;;		None
   717 ;; Auto vars:     Size  Location     Type
   718 ;;		None
   719 ;; Return value:  Size  Location     Type
   720 ;;                  1    wreg      void 
   721 ;; Registers used:
   722 ;;		wreg, status,2
   723 ;; Tracked objects:
   724 ;;		On entry : 0/0
   725 ;;		On exit  : 0/0
   726 ;;		Unchanged: 0/0
   727 ;; Data sizes:     COMMON   BANK0   BANK1   BANK2   BANK3   BANK4   BANK5   BANK6   BANK7   BANK8   BANK9  BANK10  BANK1
      +1  BANK12
   728 ;;      Params:         0       0       0       0       0       0       0       0       0       0       0       0       
      +0       0
   729 ;;      Locals:         0       0       0       0       0       0       0       0       0       0       0       0       
      +0       0
   730 ;;      Temps:          0       0       0       0       0       0       0       0       0       0       0       0       
      +0       0
   731 ;;      Totals:         0       0       0       0       0       0       0       0       0       0       0       0       
      +0       0
   732 ;;Total ram usage:        0 bytes
   733 ;; Hardware stack levels used:    1
   734 ;; This function calls:
   735 ;;		Nothing
   736 ;; This function is called by:
   737 ;;		_SYSTEM_Initialize
   738 ;; This function uses a non-reentrant model
   739 ;;
   740                           
   741                           
   742                           ;psect for function _PIN_MANAGER_Initialize
   743  07D5                     _PIN_MANAGER_Initialize:	
   744                           
   745                           ;pin_manager.c: 57: LATA = 0x00;
   746                           
   747                           ;incstack = 0
   748                           ; Regs used in _PIN_MANAGER_Initialize: [wreg+status,2]
   749  07D5  0022               	movlb	2	; select bank2
   750  07D6  018C               	clrf	12	;volatile
   751                           
   752                           ;pin_manager.c: 58: LATC = 0x00;
   753  07D7  018E               	clrf	14	;volatile
   754                           
   755                           ;pin_manager.c: 63: TRISA = 0x20;
   756  07D8  3020               	movlw	32
   757  07D9  0021               	movlb	1	; select bank1
   758  07DA  008C               	movwf	12	;volatile
   759                           
   760                           ;pin_manager.c: 64: TRISC = 0x37;
   761  07DB  3037               	movlw	55
   762  07DC  008E               	movwf	14	;volatile
   763                           
   764                           ;pin_manager.c: 69: ANSELC = 0x00;
   765  07DD  0023               	movlb	3	; select bank3
   766  07DE  018E               	clrf	14	;volatile
   767                           
   768                           ;pin_manager.c: 70: ANSELA = 0x10;
   769  07DF  3010               	movlw	16
   770  07E0  008C               	movwf	12	;volatile
   771                           
   772                           ;pin_manager.c: 75: WPUA = 0x38;
   773  07E1  3038               	movlw	56
   774  07E2  0024               	movlb	4	; select bank4
   775  07E3  008C               	movwf	12	;volatile
   776                           
   777                           ;pin_manager.c: 76: OPTION_REGbits.nWPUEN = 0;
   778  07E4  0021               	movlb	1	; select bank1
   779  07E5  1395               	bcf	21,7	;volatile
   780                           
   781                           ;pin_manager.c: 82: APFCON = 0x00;
   782  07E6  0022               	movlb	2	; select bank2
   783  07E7  019D               	clrf	29	;volatile
   784  07E8  0008               	return
   785  07E9                     __end_of_PIN_MANAGER_Initialize:	
   786                           
   787                           	psect	text4
   788  07B7                     __ptext4:	
   789 ;; *************** function _OSCILLATOR_Initialize *****************
   790 ;; Defined at:
   791 ;;		line 80 in file "mcc_generated_files/mcc.c"
   792 ;; Parameters:    Size  Location     Type
   793 ;;		None
   794 ;; Auto vars:     Size  Location     Type
   795 ;;		None
   796 ;; Return value:  Size  Location     Type
   797 ;;                  1    wreg      void 
   798 ;; Registers used:
   799 ;;		wreg, status,2
   800 ;; Tracked objects:
   801 ;;		On entry : 0/0
   802 ;;		On exit  : 0/0
   803 ;;		Unchanged: 0/0
   804 ;; Data sizes:     COMMON   BANK0   BANK1   BANK2   BANK3   BANK4   BANK5   BANK6   BANK7   BANK8   BANK9  BANK10  BANK1
      +1  BANK12
   805 ;;      Params:         0       0       0       0       0       0       0       0       0       0       0       0       
      +0       0
   806 ;;      Locals:         0       0       0       0       0       0       0       0       0       0       0       0       
      +0       0
   807 ;;      Temps:          0       0       0       0       0       0       0       0       0       0       0       0       
      +0       0
   808 ;;      Totals:         0       0       0       0       0       0       0       0       0       0       0       0       
      +0       0
   809 ;;Total ram usage:        0 bytes
   810 ;; Hardware stack levels used:    1
   811 ;; This function calls:
   812 ;;		Nothing
   813 ;; This function is called by:
   814 ;;		_SYSTEM_Initialize
   815 ;; This function uses a non-reentrant model
   816 ;;
   817                           
   818                           
   819                           ;psect for function _OSCILLATOR_Initialize
   820  07B7                     _OSCILLATOR_Initialize:	
   821                           
   822                           ;mcc.c: 83: OSCCON = 0x3E;
   823                           
   824                           ;incstack = 0
   825                           ; Regs used in _OSCILLATOR_Initialize: [wreg+status,2]
   826  07B7  303E               	movlw	62
   827  07B8  0021               	movlb	1	; select bank1
   828  07B9  0099               	movwf	25	;volatile
   829                           
   830                           ;mcc.c: 85: OSCTUNE = 0x00;
   831  07BA  0198               	clrf	24	;volatile
   832                           
   833                           ;mcc.c: 87: ACTCON = 0x00;
   834  07BB  0027               	movlb	7	; select bank7
   835  07BC  019B               	clrf	27	;volatile
   836  07BD  0008               	return
   837  07BE                     __end_of_OSCILLATOR_Initialize:	
   838                           
   839                           	psect	text5
   840  07C7                     __ptext5:	
   841 ;; *************** function _ADCRead *****************
   842 ;; Defined at:
   843 ;;		line 59 in file "main.c"
   844 ;; Parameters:    Size  Location     Type
   845 ;;		None
   846 ;; Auto vars:     Size  Location     Type
   847 ;;		None
   848 ;; Return value:  Size  Location     Type
   849 ;;                  2    0[COMMON] unsigned int 
   850 ;; Registers used:
   851 ;;		wreg, status,2
   852 ;; Tracked objects:
   853 ;;		On entry : 0/0
   854 ;;		On exit  : 0/0
   855 ;;		Unchanged: 0/0
   856 ;; Data sizes:     COMMON   BANK0   BANK1   BANK2   BANK3   BANK4   BANK5   BANK6   BANK7   BANK8   BANK9  BANK10  BANK1
      +1  BANK12
   857 ;;      Params:         2       0       0       0       0       0       0       0       0       0       0       0       
      +0       0
   858 ;;      Locals:         0       0       0       0       0       0       0       0       0       0       0       0       
      +0       0
   859 ;;      Temps:          0       0       0       0       0       0       0       0       0       0       0       0       
      +0       0
   860 ;;      Totals:         2       0       0       0       0       0       0       0       0       0       0       0       
      +0       0
   861 ;;Total ram usage:        2 bytes
   862 ;; Hardware stack levels used:    1
   863 ;; This function calls:
   864 ;;		Nothing
   865 ;; This function is called by:
   866 ;;		_main
   867 ;; This function uses a non-reentrant model
   868 ;;
   869                           
   870                           
   871                           ;psect for function _ADCRead
   872  07C7                     _ADCRead:	
   873                           
   874                           ;main.c: 63: ADCON0=0x00;
   875                           
   876                           ;incstack = 0
   877                           ; Regs used in _ADCRead: [wreg+status,2]
   878  07C7  0021               	movlb	1	; select bank1
   879  07C8  019D               	clrf	29	;volatile
   880                           
   881                           ;main.c: 65: ADCON0=(4<<2);
   882  07C9  3010               	movlw	16
   883  07CA  009D               	movwf	29	;volatile
   884                           
   885                           ;main.c: 67: ADON=1;
   886  07CB  141D               	bsf	29,0	;volatile
   887                           
   888                           ;main.c: 69: GO_nDONE=1;
   889  07CC  149D               	bsf	29,1	;volatile
   890  07CD                     l67:	
   891                           ;main.c: 71: while(GO_nDONE);
   892                           
   893  07CD  189D               	btfsc	29,1	;volatile
   894  07CE  2FCD               	goto	l67
   895                           
   896                           ;main.c: 73: ADON=0;
   897  07CF  101D               	bcf	29,0	;volatile
   898                           
   899                           ;main.c: 75: return ADRES;
   900  07D0  081C               	movf	28,w	;volatile
   901  07D1  00F1               	movwf	?_ADCRead+1
   902  07D2  081B               	movf	27,w	;volatile
   903  07D3  00F0               	movwf	?_ADCRead
   904  07D4  0008               	return
   905  07D5                     __end_of_ADCRead:	
   906  007E                     btemp	set	126	;btemp
   907  007E                     wtemp0	set	126


Data Sizes:
    Strings     0
    Constant    0
    Data        0
    BSS         0
    Persistent  0
    Stack       0

Auto Spaces:
    Space          Size  Autos    Used
    COMMON           14      4       4
    BANK0            80      0       0
    BANK1            80      0       0
    BANK2            80      0       0
    BANK3            80      0       0
    BANK4            80      0       0
    BANK5            80      0       0
    BANK6            80      0       0
    BANK7            80      0       0
    BANK8            80      0       0
    BANK9            80      0       0
    BANK10           80      0       0
    BANK11           80      0       0
    BANK12           48      0       0

Pointer List with Targets:

    None.

Critical Paths under _main in COMMON

    _main->_ADCRead

Critical Paths under _main in BANK0

    None.

Critical Paths under _main in BANK1

    None.

Critical Paths under _main in BANK2

    None.

Critical Paths under _main in BANK3

    None.

Critical Paths under _main in BANK4

    None.

Critical Paths under _main in BANK5

    None.

Critical Paths under _main in BANK6

    None.

Critical Paths under _main in BANK7

    None.

Critical Paths under _main in BANK8

    None.

Critical Paths under _main in BANK9

    None.

Critical Paths under _main in BANK10

    None.

Critical Paths under _main in BANK11

    None.

Critical Paths under _main in BANK12

    None.

Call Graph Tables:

 ---------------------------------------------------------------------------------
 (Depth) Function   	        Calls       Base Space   Used Autos Params    Refs
 ---------------------------------------------------------------------------------
 (0) _main                                                 2     2      0      23
                                              2 COMMON     2     2      0
                            _ADCRead
                  _SYSTEM_Initialize
 ---------------------------------------------------------------------------------
 (1) _SYSTEM_Initialize                                    0     0      0       0
              _OSCILLATOR_Initialize
             _PIN_MANAGER_Initialize
                     _WDT_Initialize
 ---------------------------------------------------------------------------------
 (2) _WDT_Initialize                                       0     0      0       0
 ---------------------------------------------------------------------------------
 (2) _PIN_MANAGER_Initialize                               0     0      0       0
 ---------------------------------------------------------------------------------
 (2) _OSCILLATOR_Initialize                                0     0      0       0
 ---------------------------------------------------------------------------------
 (1) _ADCRead                                              2     0      2       0
                                              0 COMMON     2     0      2
 ---------------------------------------------------------------------------------
 Estimated maximum stack depth 2
 ---------------------------------------------------------------------------------

 Call Graph Graphs:

 _main (ROOT)
   _ADCRead
   _SYSTEM_Initialize
     _OSCILLATOR_Initialize
     _PIN_MANAGER_Initialize
     _WDT_Initialize

 Address spaces:
Name               Size   Autos  Total    Cost      Usage
BIGRAM             3F0      0       0       0        0.0%
NULL                 0      0       0       0        0.0%
CODE                 0      0       0       0        0.0%
BITCOMMON            E      0       0       1        0.0%
BITSFR0              0      0       0       1        0.0%
SFR0                 0      0       0       1        0.0%
COMMON               E      4       4       2       28.6%
BITSFR1              0      0       0       2        0.0%
SFR1                 0      0       0       2        0.0%
BITSFR2              0      0       0       3        0.0%
SFR2                 0      0       0       3        0.0%
STACK                0      0       0       3        0.0%
BITBANK0            50      0       0       4        0.0%
BITSFR3              0      0       0       4        0.0%
SFR3                 0      0       0       4        0.0%
BANK0               50      0       0       5        0.0%
BITSFR4              0      0       0       5        0.0%
SFR4                 0      0       0       5        0.0%
BITBANK1            50      0       0       6        0.0%
BITSFR5              0      0       0       6        0.0%
SFR5                 0      0       0       6        0.0%
BANK1               50      0       0       7        0.0%
BITSFR6              0      0       0       7        0.0%
SFR6                 0      0       0       7        0.0%
BITBANK2            50      0       0       8        0.0%
BITSFR7              0      0       0       8        0.0%
SFR7                 0      0       0       8        0.0%
BANK2               50      0       0       9        0.0%
BITSFR8              0      0       0       9        0.0%
SFR8                 0      0       0       9        0.0%
BITBANK3            50      0       0      10        0.0%
BITSFR9              0      0       0      10        0.0%
SFR9                 0      0       0      10        0.0%
BANK3               50      0       0      11        0.0%
BITSFR10             0      0       0      11        0.0%
SFR10                0      0       0      11        0.0%
BITBANK4            50      0       0      12        0.0%
BITSFR11             0      0       0      12        0.0%
SFR11                0      0       0      12        0.0%
BANK4               50      0       0      13        0.0%
BITSFR12             0      0       0      13        0.0%
SFR12                0      0       0      13        0.0%
BITBANK5            50      0       0      14        0.0%
BITSFR13             0      0       0      14        0.0%
SFR13                0      0       0      14        0.0%
BANK5               50      0       0      15        0.0%
BITSFR14             0      0       0      15        0.0%
SFR14                0      0       0      15        0.0%
BITBANK6            50      0       0      16        0.0%
BITSFR15             0      0       0      16        0.0%
SFR15                0      0       0      16        0.0%
BANK6               50      0       0      17        0.0%
BITSFR16             0      0       0      17        0.0%
SFR16                0      0       0      17        0.0%
BITBANK7            50      0       0      18        0.0%
BITSFR17             0      0       0      18        0.0%
SFR17                0      0       0      18        0.0%
BANK7               50      0       0      19        0.0%
BITSFR18             0      0       0      19        0.0%
SFR18                0      0       0      19        0.0%
BITSFR19             0      0       0      20        0.0%
SFR19                0      0       0      20        0.0%
ABS                  0      0       0      20        0.0%
BITBANK8            50      0       0      21        0.0%
BITSFR20             0      0       0      21        0.0%
SFR20                0      0       0      21        0.0%
BANK8               50      0       0      22        0.0%
BITSFR21             0      0       0      22        0.0%
SFR21                0      0       0      22        0.0%
BITBANK9            50      0       0      23        0.0%
BITSFR22             0      0       0      23        0.0%
SFR22                0      0       0      23        0.0%
BANK9               50      0       0      24        0.0%
BITSFR23             0      0       0      24        0.0%
SFR23                0      0       0      24        0.0%
BITBANK10           50      0       0      25        0.0%
BITSFR24             0      0       0      25        0.0%
SFR24                0      0       0      25        0.0%
BANK10              50      0       0      26        0.0%
BITSFR25             0      0       0      26        0.0%
SFR25                0      0       0      26        0.0%
BITBANK11           50      0       0      27        0.0%
BITSFR26             0      0       0      27        0.0%
SFR26                0      0       0      27        0.0%
BANK11              50      0       0      28        0.0%
BITSFR27             0      0       0      28        0.0%
SFR27                0      0       0      28        0.0%
BITBANK12           30      0       0      29        0.0%
BITSFR28             0      0       0      29        0.0%
SFR28                0      0       0      29        0.0%
BANK12              30      0       0      30        0.0%
BITSFR29             0      0       0      30        0.0%
SFR29                0      0       0      30        0.0%
BITSFR30             0      0       0      31        0.0%
SFR30                0      0       0      31        0.0%
DATA                 0      0       0      31        0.0%
BITSFR31             0      0       0      32        0.0%
SFR31                0      0       0      32        0.0%


Microchip Technology PIC Macro Assembler V1.42 build -159332390 
Symbol Table                                                                                   Thu Jul 06 08:21:13 2017

                    __CFG_CP$OFF 0000                               l67 07CD                      __CFG_LVP$ON 0000  
                            l515 07EC                              l519 07FA                  __end_of_ADCRead 07D5  
                   __CFG_BORV$LO 0000                     __CFG_IESO$ON 0000                             _ADON 04E8  
                           _LATA 010C                             _LATC 010E                             _WPUA 020C  
                   __CFG_WRT$OFF 0000                    __CFG_FCMEN$ON 0000                             _main 07E9  
                           btemp 007E                    __CFG_BOREN$ON 0000                             start 0002  
                  __CFG_MCLRE$ON 0000   __size_of_OSCILLATOR_Initialize 0007    __end_of_OSCILLATOR_Initialize 07BE  
                          ?_main 0070                            _ADRES 009B                    __CFG_WDTE$OFF 0000  
                          _TRISA 008C                            _TRISC 008E                   _WDT_Initialize 07B3  
                          wtemp0 007E                  __initialization 07FD                     __end_of_main 07FD  
                 __CFG_LPBOR$OFF 0000                        ??_ADCRead 0072                           ??_main 0072  
            __CFG_USBLSCLK$48MHz 0000           __end_of_WDT_Initialize 07B7                           _ADCON0 009D  
                         _ADCON2 009F                           _ACTCON 039B                           _APFCON 011D  
                         _ANSELA 018C                           _ANSELC 018E                           _OSCCON 0099  
                         _WDTCON 0097                   __CFG_PWRTE$OFF 0000                   __CFG_STVREN$ON 0000  
                ?_WDT_Initialize 0070                _SYSTEM_Initialize 07BE          __end_of__initialization 07FD  
             ?_SYSTEM_Initialize 0070                   __pcstackCOMMON 0070              ??_SYSTEM_Initialize 0070  
                 _OPTION_REGbits 0095        __end_of_SYSTEM_Initialize 07C7                       __pmaintext 07E9  
                __CFG_PLLMULT$4x 0000                          _ADCRead 07C7                          _OSCTUNE 0098  
                        __ptext1 07BE                          __ptext2 07B3                          __ptext3 07D5  
                        __ptext4 07B7                          __ptext5 07C7            _OSCILLATOR_Initialize 07B7  
       ??_PIN_MANAGER_Initialize 0070       __size_of_SYSTEM_Initialize 0009             end_of_initialization 07FD  
               ??_WDT_Initialize 0070                        _PORTCbits 000E                 __CFG_FOSC$INTOSC 0000  
             __CFG_PLLEN$ENABLED 0000           ?_OSCILLATOR_Initialize 0070              start_initialization 07FD  
__size_of_PIN_MANAGER_Initialize 0014                         ?_ADCRead 0070                        ___latbits 0002  
         _PIN_MANAGER_Initialize 07D5                         _GO_nDONE 04E9                 __size_of_ADCRead 000E  
                      main@therm 0072          ??_OSCILLATOR_Initialize 0070                    __size_of_main 0014  
        __size_of_WDT_Initialize 0004          ?_PIN_MANAGER_Initialize 0070                __CFG_CLKOUTEN$OFF 0000  
           __CFG_CPUDIV$NOCLKDIV 0000   __end_of_PIN_MANAGER_Initialize 07E9  
